0 info it worked if it ends with ok
1 verbose cli [ '/usr/local/bin/node',
1 verbose cli   '/usr/local/bin/npm',
1 verbose cli   'run',
1 verbose cli   'webpack',
1 verbose cli   '--',
1 verbose cli   '--watch' ]
2 info using npm@4.1.2
3 info using node@v7.5.0
4 verbose run-script [ 'prewebpack', 'webpack', 'postwebpack' ]
5 info lifecycle adding-react-to-rails@1.0.0~prewebpack: adding-react-to-rails@1.0.0
6 silly lifecycle adding-react-to-rails@1.0.0~prewebpack: no script for prewebpack, continuing
7 info lifecycle adding-react-to-rails@1.0.0~webpack: adding-react-to-rails@1.0.0
8 verbose lifecycle adding-react-to-rails@1.0.0~webpack: unsafe-perm in lifecycle true
9 verbose lifecycle adding-react-to-rails@1.0.0~webpack: PATH: /usr/local/lib/node_modules/npm/bin/node-gyp-bin:/Users/bepop/challenges/GroupProject_tOtK/node_modules/.bin:/Users/bepop/challenges/GroupProject_tOtK/node_modules/.bin:/Users/bepop/.config/yarn/link/node_modules/.bin:/Users/bepop/challenges/GroupProject_tOtK/node_modules/.bin:/Users/bepop/.config/yarn/link/node_modules/.bin:/usr/local/lib/node_modules/yarn/bin/node-gyp-bin:/Users/bepop/.gem/ruby/2.3.3/bin:/Users/bepop/.rubies/ruby-2.3.3/lib/ruby/gems/2.3.0/bin:/Users/bepop/.rubies/ruby-2.3.3/bin:/usr/local/bin:/usr/bin:/bin:/usr/sbin:/sbin:/Applications/Postgres.app/Contents/Versions/9.6/bin
10 verbose lifecycle adding-react-to-rails@1.0.0~webpack: CWD: /Users/bepop/challenges/GroupProject_tOtK
11 silly lifecycle adding-react-to-rails@1.0.0~webpack: Args: [ '-c', 'webpack --config ./react/webpack.config.js "--watch"' ]
12 silly lifecycle adding-react-to-rails@1.0.0~webpack: Returned: code: 1  signal: null
13 info lifecycle adding-react-to-rails@1.0.0~webpack: Failed to exec webpack script
14 verbose stack Error: adding-react-to-rails@1.0.0 webpack: `webpack --config ./react/webpack.config.js "--watch"`
14 verbose stack Exit status 1
14 verbose stack     at EventEmitter.<anonymous> (/usr/local/lib/node_modules/npm/lib/utils/lifecycle.js:279:16)
14 verbose stack     at emitTwo (events.js:106:13)
14 verbose stack     at EventEmitter.emit (events.js:192:7)
14 verbose stack     at ChildProcess.<anonymous> (/usr/local/lib/node_modules/npm/lib/utils/spawn.js:40:14)
14 verbose stack     at emitTwo (events.js:106:13)
14 verbose stack     at ChildProcess.emit (events.js:192:7)
14 verbose stack     at maybeClose (internal/child_process.js:890:16)
14 verbose stack     at Process.ChildProcess._handle.onexit (internal/child_process.js:226:5)
15 verbose pkgid adding-react-to-rails@1.0.0
16 verbose cwd /Users/bepop/challenges/GroupProject_tOtK
17 error Darwin 16.4.0
18 error argv "/usr/local/bin/node" "/usr/local/bin/npm" "run" "webpack" "--" "--watch"
19 error node v7.5.0
20 error npm  v4.1.2
21 error code ELIFECYCLE
22 error adding-react-to-rails@1.0.0 webpack: `webpack --config ./react/webpack.config.js "--watch"`
22 error Exit status 1
23 error Failed at the adding-react-to-rails@1.0.0 webpack script 'webpack --config ./react/webpack.config.js "--watch"'.
23 error Make sure you have the latest version of node.js and npm installed.
23 error If you do, this is most likely a problem with the adding-react-to-rails package,
23 error not with npm itself.
23 error Tell the author that this fails on your system:
23 error     webpack --config ./react/webpack.config.js "--watch"
23 error You can get information on how to open an issue for this project with:
23 error     npm bugs adding-react-to-rails
23 error Or if that isn't available, you can get their info via:
23 error     npm owner ls adding-react-to-rails
23 error There is likely additional logging output above.
24 verbose exit [ 1, true ]
